<testsuites id="" name="" tests="1" failures="0" skipped="0" errors="0" time="43.02568699999992">
<testsuite name="smoke.spec.js" timestamp="1684047041153" hostname="" tests="1" failures="0" skipped="0" time="42.685" errors="0">
<testcase name="test" classname="[chromium] › smoke.spec.js › test" time="42.685">
<system-out>
<![CDATA[Add Dataset
Add Model
Create A Project
Configure Global Variables
Add a page
Input Blocks & Technical Test
Report Generation
Asserting Values
]]>
</system-out>
</testcase>
</testsuite>
</testsuites>